Arguments: 
  /usr/local/bin/node /usr/local/bin/yarn init

PATH: 
  /opt/homebrew/bin:/opt/homebrew/sbin:/usr/local/bin:/usr/bin:/bin:/usr/sbin:/sbin:/Library/Apple/usr/bin:/opt/homebrew/bin:/opt/homebrew/sbin:/Users/thisispalash/.cargo/bin

Yarn version: 
  1.22.19

Node version: 
  16.13.1

Platform: 
  darwin arm64

Trace: 
  Error: canceled
      at Interface.<anonymous> (/usr/local/lib/node_modules/yarn/lib/cli.js:137150:13)
      at Interface.emit (node:events:390:28)
      at Interface._ttyWrite (node:readline:1081:16)
      at ReadStream.onkeypress (node:readline:288:10)
      at ReadStream.emit (node:events:390:28)
      at emitKeys (node:internal/readline/utils:358:14)
      at emitKeys.next (<anonymous>)
      at ReadStream.onData (node:internal/readline/emitKeypressEvents:61:36)
      at ReadStream.emit (node:events:390:28)
      at addChunk (node:internal/streams/readable:315:12)

npm manifest: 
  {
    "name": "chain",
    "version": "1.0.0",
    "description": "Contracts for banana split redemption",
    "main": "index.js",
    "repository": "GNU LESSER GENERAL PUBLIC LICENSE",
    "author": "ne 2007",
    "license": "on, Inc. <http://fsf.org/>",
    "private": null
  }

yarn manifest: 
  No manifest

Lockfile: 
  No lockfile
